[Sun, 31 May 2020 14:28:16 +0000] [/wp-admin/admin.php?w3tc_flush_posts=y&page=w3tc_browsercache&_wpnonce=f412a5527b] [https://www.ebraiz.com/wp-admin/admin.php?page=w3tc_browsercache&w3tc_message=5ed3bef8a905f] flush all
[Sun, 31 May 2020 15:32:38 +0000] [/wp-admin/admin.php?page=w3tc_dashboard&w3tc_flush_all&_wpnonce=f412a5527b] [https://www.ebraiz.com/wp-admin/admin.php?page=heateor-social-sharing] flush all
[Wed, 03 Jun 2020 08:11:21 +0000] [/wp-admin/async-upload.php] [https://www.ebraiz.com/wp-admin/post.php?post=250&action=edit] pgcache flush 0 urls
[Wed, 03 Jun 2020 08:11:48 +0000] [/wp-admin/post.php] [https://www.ebraiz.com/wp-admin/post.php?post=250&action=edit] pgcache flush 0 urls
[Wed, 03 Jun 2020 08:19:29 +0000] [/wp-admin/admin.php?page=w3tc_dashboard&w3tc_flush_all&_wpnonce=87e86b63e6] [https://www.ebraiz.com/] flush all
[Thu, 04 Jun 2020 19:06:50 +0000] [/wp-admin/async-upload.php] [https://www.ebraiz.com/wp-admin/post.php?post=112&action=edit] pgcache flush 0 urls
[Thu, 04 Jun 2020 19:06:51 +0000] [/wp-admin/async-upload.php] [https://www.ebraiz.com/wp-admin/post.php?post=112&action=edit] pgcache flush 0 urls
[Thu, 04 Jun 2020 19:06:52 +0000] [/wp-admin/async-upload.php] [https://www.ebraiz.com/wp-admin/post.php?post=112&action=edit] pgcache flush 0 urls
[Thu, 04 Jun 2020 19:06:53 +0000] [/wp-admin/async-upload.php] [https://www.ebraiz.com/wp-admin/post.php?post=112&action=edit] pgcache flush 0 urls
[Thu, 04 Jun 2020 19:06:54 +0000] [/wp-admin/async-upload.php] [https://www.ebraiz.com/wp-admin/post.php?post=112&action=edit] pgcache flush 0 urls
[Thu, 04 Jun 2020 19:07:15 +0000] [/wp-admin/admin-ajax.php] [https://www.ebraiz.com/wp-admin/post.php?post=112&action=edit] pgcache flush 0 urls
[Thu, 04 Jun 2020 19:07:27 +0000] [/wp-admin/admin-ajax.php] [https://www.ebraiz.com/wp-admin/post.php?post=112&action=edit] pgcache flush 0 urls
[Thu, 04 Jun 2020 19:07:35 +0000] [/wp-admin/admin-ajax.php] [https://www.ebraiz.com/wp-admin/post.php?post=112&action=edit] pgcache flush 0 urls
[Thu, 04 Jun 2020 19:07:43 +0000] [/wp-admin/admin-ajax.php] [https://www.ebraiz.com/wp-admin/post.php?post=112&action=edit] pgcache flush 0 urls
[Thu, 04 Jun 2020 19:07:53 +0000] [/wp-admin/post.php] [https://www.ebraiz.com/wp-admin/post.php?post=112&action=edit] pgcache flush 0 urls
[Thu, 04 Jun 2020 19:10:49 +0000] [/wp-admin/admin-ajax.php] [https://www.ebraiz.com/wp-admin/post.php?post=249&action=edit] pgcache flush 0 urls
[Thu, 04 Jun 2020 19:11:04 +0000] [/wp-admin/admin-ajax.php] [https://www.ebraiz.com/wp-admin/post.php?post=249&action=edit] pgcache flush 0 urls
[Thu, 04 Jun 2020 19:11:08 +0000] [/wp-admin/admin-ajax.php] [https://www.ebraiz.com/wp-admin/post.php?post=249&action=edit] pgcache flush 0 urls
[Thu, 04 Jun 2020 19:11:11 +0000] [/wp-admin/admin-ajax.php] [https://www.ebraiz.com/wp-admin/post.php?post=249&action=edit] pgcache flush 0 urls
[Thu, 04 Jun 2020 19:11:13 +0000] [/wp-admin/admin-ajax.php] [https://www.ebraiz.com/wp-admin/post.php?post=249&action=edit] pgcache flush 0 urls
[Thu, 04 Jun 2020 19:11:27 +0000] [/wp-admin/admin-ajax.php] [https://www.ebraiz.com/wp-admin/post.php?post=249&action=edit] pgcache flush 0 urls
[Thu, 04 Jun 2020 19:12:30 +0000] [/wp-admin/post.php] [https://www.ebraiz.com/wp-admin/post.php?post=249&action=edit] pgcache flush 0 urls
[Thu, 04 Jun 2020 19:12:59 +0000] [/wp-admin/post.php] [https://www.ebraiz.com/wp-admin/post.php?post=112&action=edit] pgcache flush 0 urls
[Thu, 04 Jun 2020 19:15:34 +0000] [/wp-admin/admin-ajax.php] [https://www.ebraiz.com/wp-admin/post.php?post=250&action=edit] pgcache flush 0 urls
[Thu, 04 Jun 2020 19:15:41 +0000] [/wp-admin/admin-ajax.php] [https://www.ebraiz.com/wp-admin/post.php?post=250&action=edit] pgcache flush 0 urls
[Thu, 04 Jun 2020 19:15:41 +0000] [/wp-admin/admin-ajax.php] [https://www.ebraiz.com/wp-admin/post.php?post=250&action=edit] pgcache flush 0 urls
[Thu, 04 Jun 2020 19:15:43 +0000] [/wp-admin/admin-ajax.php] [https://www.ebraiz.com/wp-admin/post.php?post=250&action=edit] pgcache flush 0 urls
[Thu, 04 Jun 2020 19:16:03 +0000] [/wp-admin/post.php] [https://www.ebraiz.com/wp-admin/post.php?post=250&action=edit] pgcache flush 0 urls
[Thu, 04 Jun 2020 19:18:51 +0000] [/wp-admin/admin-ajax.php] [https://www.ebraiz.com/wp-admin/post-new.php?post_type=seminar_section] pgcache flush 0 urls
[Thu, 04 Jun 2020 19:18:58 +0000] [/wp-admin/admin-ajax.php] [https://www.ebraiz.com/wp-admin/post-new.php?post_type=seminar_section] pgcache flush 0 urls
[Thu, 04 Jun 2020 19:18:59 +0000] [/wp-admin/admin-ajax.php] [https://www.ebraiz.com/wp-admin/post-new.php?post_type=seminar_section] pgcache flush 0 urls
[Thu, 04 Jun 2020 19:19:04 +0000] [/wp-admin/admin-ajax.php] [https://www.ebraiz.com/wp-admin/post-new.php?post_type=seminar_section] pgcache flush 0 urls
[Thu, 04 Jun 2020 19:19:22 +0000] [/wp-admin/admin-ajax.php] [https://www.ebraiz.com/wp-admin/post-new.php?post_type=seminar_section] pgcache flush 0 urls
[Thu, 04 Jun 2020 19:23:01 +0000] [/wp-admin/admin-ajax.php] [https://www.ebraiz.com/wp-admin/post-new.php?post_type=seminar_section] pgcache flush 0 urls
[Thu, 04 Jun 2020 19:23:03 +0000] [/wp-admin/admin-ajax.php] [https://www.ebraiz.com/wp-admin/post-new.php?post_type=seminar_section] pgcache flush 0 urls
[Thu, 04 Jun 2020 19:23:04 +0000] [/wp-admin/admin-ajax.php] [https://www.ebraiz.com/wp-admin/post-new.php?post_type=seminar_section] pgcache flush 0 urls
[Thu, 04 Jun 2020 19:23:05 +0000] [/wp-admin/admin-ajax.php] [https://www.ebraiz.com/wp-admin/post-new.php?post_type=seminar_section] pgcache flush 0 urls
[Thu, 04 Jun 2020 19:25:49 +0000] [/wp-admin/post.php] [https://www.ebraiz.com/wp-admin/post.php?post=250&action=edit] pgcache flush 0 urls
[Thu, 04 Jun 2020 19:34:57 +0000] [/wp-admin/admin-ajax.php] [https://www.ebraiz.com/wp-admin/upload.php?item=214] pgcache flush 0 urls
[Thu, 04 Jun 2020 19:35:03 +0000] [/wp-admin/admin-ajax.php] [https://www.ebraiz.com/wp-admin/upload.php?item=213] pgcache flush 0 urls
[Thu, 04 Jun 2020 19:35:08 +0000] [/wp-admin/admin-ajax.php] [https://www.ebraiz.com/wp-admin/upload.php?item=212] pgcache flush 0 urls
[Thu, 04 Jun 2020 19:35:13 +0000] [/wp-admin/admin-ajax.php] [https://www.ebraiz.com/wp-admin/upload.php?item=211] pgcache flush 0 urls
[Thu, 04 Jun 2020 19:35:22 +0000] [/wp-admin/admin-ajax.php] [https://www.ebraiz.com/wp-admin/upload.php?item=209] pgcache flush 0 urls
[Thu, 04 Jun 2020 19:35:58 +0000] [/wp-admin/admin-ajax.php] [https://www.ebraiz.com/wp-admin/upload.php?item=208] pgcache flush 0 urls
[Thu, 04 Jun 2020 19:36:10 +0000] [/wp-admin/admin-ajax.php] [https://www.ebraiz.com/wp-admin/upload.php?item=60] pgcache flush 0 urls
[Thu, 04 Jun 2020 19:36:20 +0000] [/wp-admin/admin-ajax.php] [https://www.ebraiz.com/wp-admin/upload.php?item=34] pgcache flush 0 urls
[Thu, 04 Jun 2020 19:36:24 +0000] [/wp-admin/admin-ajax.php] [https://www.ebraiz.com/wp-admin/upload.php?item=33] pgcache flush 0 urls
[Thu, 04 Jun 2020 19:36:35 +0000] [/wp-admin/admin-ajax.php] [https://www.ebraiz.com/wp-admin/upload.php?item=184] pgcache flush 0 urls
[Thu, 04 Jun 2020 19:36:46 +0000] [/wp-admin/admin-ajax.php] [https://www.ebraiz.com/wp-admin/upload.php?item=274] pgcache flush 0 urls
[Thu, 04 Jun 2020 19:36:59 +0000] [/wp-admin/admin-ajax.php] [https://www.ebraiz.com/wp-admin/upload.php?item=251] pgcache flush 0 urls
[Thu, 04 Jun 2020 19:38:01 +0000] [/wp-admin/async-upload.php] [https://www.ebraiz.com/wp-admin/post.php?post=284&action=edit] pgcache flush 0 urls
[Thu, 04 Jun 2020 19:38:10 +0000] [/wp-admin/async-upload.php] [https://www.ebraiz.com/wp-admin/post.php?post=284&action=edit] pgcache flush 0 urls
[Thu, 04 Jun 2020 19:38:12 +0000] [/wp-admin/async-upload.php] [https://www.ebraiz.com/wp-admin/post.php?post=284&action=edit] pgcache flush 0 urls
[Thu, 04 Jun 2020 19:38:19 +0000] [/wp-admin/post.php] [https://www.ebraiz.com/wp-admin/post.php?post=284&action=edit] pgcache flush 0 urls
[Thu, 04 Jun 2020 19:38:30 +0000] [/wp-admin/post.php] [https://www.ebraiz.com/wp-admin/post.php?post=283&action=edit] pgcache flush 0 urls
[Thu, 04 Jun 2020 19:38:39 +0000] [/wp-admin/post.php] [https://www.ebraiz.com/wp-admin/post.php?post=250&action=edit] pgcache flush 0 urls
[Thu, 04 Jun 2020 19:39:02 +0000] [/wp-admin/post.php] [https://www.ebraiz.com/wp-admin/post.php?post=249&action=edit] pgcache flush 0 urls
[Thu, 04 Jun 2020 19:39:18 +0000] [/wp-admin/post.php] [https://www.ebraiz.com/wp-admin/post.php?post=112&action=edit] pgcache flush 0 urls
[Thu, 04 Jun 2020 19:53:21 +0000] [/wp-admin/admin.php?page=w3tc_dashboard&w3tc_flush_all&_wpnonce=625db8792d] [https://www.ebraiz.com/] flush all
[Thu, 04 Jun 2020 19:57:25 +0000] [/wp-admin/post.php] [https://www.ebraiz.com/wp-admin/post.php?post=105&action=edit] pgcache flush 0 urls
[Thu, 04 Jun 2020 19:59:31 +0000] [/wp-admin/post.php] [https://www.ebraiz.com/wp-admin/post.php?post=105&action=edit] pgcache flush 0 urls
[Thu, 04 Jun 2020 20:12:44 +0000] [/wp-admin/post.php] [https://www.ebraiz.com/wp-admin/post.php?post=237&action=edit] pgcache flush 0 urls
[Thu, 04 Jun 2020 20:12:54 +0000] [/wp-admin/post.php] [https://www.ebraiz.com/wp-admin/post.php?post=105&action=edit] pgcache flush 0 urls
[Thu, 04 Jun 2020 20:17:40 +0000] [/wp-admin/post.php] [https://www.ebraiz.com/wp-admin/post.php?post=238&action=edit] pgcache flush 0 urls
[Thu, 04 Jun 2020 20:22:13 +0000] [/wp-admin/post.php] [https://www.ebraiz.com/wp-admin/post.php?post=238&action=edit] pgcache flush 0 urls
[Thu, 04 Jun 2020 20:22:28 +0000] [/wp-admin/admin.php?page=w3tc_dashboard&w3tc_flush_all&_wpnonce=625db8792d] [https://www.ebraiz.com/] flush all
[Thu, 04 Jun 2020 20:23:42 +0000] [/wp-admin/post.php] [https://www.ebraiz.com/wp-admin/post.php?post=238&action=edit] pgcache flush 0 urls
[Thu, 04 Jun 2020 20:23:52 +0000] [/wp-admin/post.php] [https://www.ebraiz.com/wp-admin/post.php?post=238&action=edit] pgcache flush 0 urls
[Thu, 04 Jun 2020 20:24:05 +0000] [/wp-admin/post.php] [https://www.ebraiz.com/wp-admin/post.php?post=238&action=edit] pgcache flush 0 urls
[Thu, 04 Jun 2020 20:25:02 +0000] [/wp-admin/post.php] [https://www.ebraiz.com/wp-admin/post.php?post=237&action=edit] pgcache flush 0 urls
[Thu, 04 Jun 2020 20:26:52 +0000] [/wp-admin/post.php] [https://www.ebraiz.com/wp-admin/post.php?post=105&action=edit] pgcache flush 0 urls
[Thu, 04 Jun 2020 20:28:07 +0000] [/wp-admin/post.php] [https://www.ebraiz.com/wp-admin/post.php?post=238&action=edit] pgcache flush 0 urls
[Thu, 04 Jun 2020 20:43:35 +0000] [/wp-admin/admin.php?page=w3tc_dashboard&w3tc_flush_all&_wpnonce=625db8792d] [https://www.ebraiz.com/wp-admin/edit.php?post_type=experience_section] flush all
[Thu, 04 Jun 2020 20:43:39 +0000] [/wp-admin/admin.php?page=w3tc_dashboard&w3tc_flush_all&_wpnonce=625db8792d] [https://www.ebraiz.com/?w3tc_note=flush_all] flush all
[Thu, 04 Jun 2020 20:48:45 +0000] [/wp-admin/admin.php?page=w3tc_dashboard&w3tc_flush_all&_wpnonce=625db8792d] [https://www.ebraiz.com/wp-admin/admin.php?page=w3tc_browsercache&w3tc_message=5ed95e270219a] flush all
[Thu, 04 Jun 2020 20:48:53 +0000] [/wp-admin/admin.php?page=w3tc_dashboard&w3tc_flush_all&_wpnonce=625db8792d] [https://www.ebraiz.com/?w3tc_note=flush_all] flush all
[Thu, 04 Jun 2020 20:51:33 +0000] [/wp-admin/admin.php?page=w3tc_dashboard&w3tc_flush_all&_wpnonce=625db8792d] [https://www.ebraiz.com/?w3tc_note=flush_all] flush all
[Thu, 04 Jun 2020 21:25:01 +0000] [/wp-admin/post.php] [https://www.ebraiz.com/wp-admin/post.php?post=20&action=edit] pgcache flush 0 urls
[Thu, 04 Jun 2020 21:28:45 +0000] [/wp-admin/post.php] [https://www.ebraiz.com/wp-admin/post.php?post=20&action=edit] pgcache flush 0 urls
[Thu, 04 Jun 2020 21:32:42 +0000] [/wp-admin/async-upload.php] [https://www.ebraiz.com/wp-admin/post.php?post=85&action=edit] pgcache flush 0 urls
[Thu, 04 Jun 2020 21:32:48 +0000] [/wp-json/wp/v2/posts/85?_locale=user] [https://www.ebraiz.com/wp-admin/post.php?post=85&action=edit] pgcache flush 0 urls
[Thu, 04 Jun 2020 21:32:49 +0000] [/wp-admin/post.php?post=85&action=edit&meta-box-loader=1&meta-box-loader-nonce=4ad8b6888d&_locale=user] [https://www.ebraiz.com/wp-admin/post.php?post=85&action=edit] pgcache flush 0 urls
[Thu, 04 Jun 2020 21:33:04 +0000] [/wp-json/wp/v2/posts/83?_locale=user] [https://www.ebraiz.com/wp-admin/post.php?post=83&action=edit] pgcache flush 0 urls
[Thu, 04 Jun 2020 21:33:05 +0000] [/wp-admin/post.php?post=83&action=edit&meta-box-loader=1&meta-box-loader-nonce=4ad8b6888d&_locale=user] [https://www.ebraiz.com/wp-admin/post.php?post=83&action=edit] pgcache flush 0 urls
[Thu, 04 Jun 2020 21:33:05 +0000] [/wp-json/wp/v2/posts/85?_locale=user] [https://www.ebraiz.com/wp-admin/post.php?post=85&action=edit] pgcache flush 0 urls
[Thu, 04 Jun 2020 21:33:06 +0000] [/wp-admin/post.php?post=85&action=edit&meta-box-loader=1&meta-box-loader-nonce=4ad8b6888d&_locale=user] [https://www.ebraiz.com/wp-admin/post.php?post=85&action=edit] pgcache flush 0 urls
[Thu, 04 Jun 2020 21:33:45 +0000] [/wp-json/wp/v2/posts/201?_locale=user] [https://www.ebraiz.com/wp-admin/post.php?post=201&action=edit] pgcache flush 0 urls
[Thu, 04 Jun 2020 21:33:46 +0000] [/wp-admin/post.php?post=201&action=edit&meta-box-loader=1&meta-box-loader-nonce=4ad8b6888d&_locale=user] [https://www.ebraiz.com/wp-admin/post.php?post=201&action=edit] pgcache flush 0 urls
[Thu, 04 Jun 2020 21:35:42 +0000] [/wp-admin/admin-ajax.php] [https://www.ebraiz.com/wp-admin/upload.php?item=31] pgcache flush 0 urls
[Thu, 04 Jun 2020 21:35:48 +0000] [/wp-admin/admin-ajax.php] [https://www.ebraiz.com/wp-admin/upload.php?item=35] pgcache flush 0 urls
[Thu, 04 Jun 2020 21:35:53 +0000] [/wp-admin/admin-ajax.php] [https://www.ebraiz.com/wp-admin/upload.php?item=36] pgcache flush 0 urls
[Thu, 04 Jun 2020 21:35:58 +0000] [/wp-admin/admin-ajax.php] [https://www.ebraiz.com/wp-admin/upload.php?item=43] pgcache flush 0 urls
[Thu, 04 Jun 2020 21:36:05 +0000] [/wp-admin/admin-ajax.php] [https://www.ebraiz.com/wp-admin/upload.php?item=47] pgcache flush 0 urls
[Fri, 05 Jun 2020 21:41:23 +0000] [/wp-admin/admin.php?page=w3tc_dashboard&w3tc_flush_all&_wpnonce=50ab29e372] [https://www.ebraiz.com/wp-admin/plugins.php] flush all
[Fri, 05 Jun 2020 21:45:13 +0000] [/wp-admin/admin.php?page=w3tc_dashboard&w3tc_flush_all&_wpnonce=50ab29e372] [https://www.ebraiz.com/wp-admin/plugins.php?plugin_status=all&paged=1&s] flush all
[Sun, 21 Jun 2020 14:41:51 +0000] [/portfoliogithub/w3tc_rewrite_test546143179] [http://localhost/portfoliogithub/w3tc_rewrite_test546143179] start, can_cache: false, reject reason: User agent is rejected
[Sun, 21 Jun 2020 14:43:56 +0000] [/portfoliogithub/wp-admin/admin-ajax.php] [http://localhost/portfoliogithub/wp-admin/plugins.php] skip processing because of AJAX constant
[Sun, 21 Jun 2020 14:43:59 +0000] [/portfoliogithub/wp-cron.php?doing_wp_cron=1592750638.9149940013885498046875] [http://localhost/portfoliogithub/wp-cron.php?doing_wp_cron=1592750638.9149940013885498046875] skip processing because of generic constant
[Sun, 21 Jun 2020 14:44:56 +0000] [/portfoliogithub/wp-admin/admin-ajax.php] [http://localhost/portfoliogithub/wp-admin/plugins.php] skip processing because of AJAX constant
[Sun, 21 Jun 2020 14:44:58 +0000] [/portfoliogithub/wp-cron.php?doing_wp_cron=1592750698.1836910247802734375000] [http://localhost/portfoliogithub/wp-cron.php?doing_wp_cron=1592750698.1836910247802734375000] skip processing because of generic constant
[Sun, 21 Jun 2020 14:44:59 +0000] [/portfoliogithub/wp-admin/admin-ajax.php] [http://localhost/portfoliogithub/wp-admin/plugins.php] skip processing because of AJAX constant
[Sun, 21 Jun 2020 14:45:06 +0000] [/portfoliogithub/wp-admin/plugins.php?action=deactivate&plugin=google-analytics-for-wordpress%2Fgoogleanalytics.php&plugin_status=all&paged=1&s&_wpnonce=44bdafa30e] [http://localhost/portfoliogithub/wp-admin/plugins.php] skip processing because of generic constant
[Sun, 21 Jun 2020 14:45:08 +0000] [/portfoliogithub/wp-admin/plugins.php?deactivate=true&plugin_status=all&paged=1&s=] [http://localhost/portfoliogithub/wp-admin/plugins.php] skip processing because of generic constant
[Sun, 21 Jun 2020 14:45:11 +0000] [/portfoliogithub/wp-content/cache/minify/1026691201w3tc_rewrite_test.css] [http://localhost/portfoliogithub/wp-content/cache/minify/1026691201w3tc_rewrite_test.css] start, can_cache: false, reject reason: User agent is rejected
[Sun, 21 Jun 2020 14:45:13 +0000] [/portfoliogithub/w3tc_rewrite_test1102274042] [http://localhost/portfoliogithub/w3tc_rewrite_test1102274042] start, can_cache: false, reject reason: User agent is rejected
[Sun, 21 Jun 2020 14:45:25 +0000] [/portfoliogithub/wp-admin/admin-ajax.php] [http://localhost/portfoliogithub/wp-admin/plugins.php?plugin_status=all&paged=1&s] skip processing because of AJAX constant
[Sun, 21 Jun 2020 14:45:28 +0000] [/portfoliogithub/wp-cron.php?doing_wp_cron=1592750728.0147480964660644531250] [http://localhost/portfoliogithub/wp-cron.php?doing_wp_cron=1592750728.0147480964660644531250] skip processing because of generic constant
[Sun, 21 Jun 2020 14:45:57 +0000] [/portfoliogithub/wp-admin/plugins.php] [http://localhost/portfoliogithub/wp-admin/admin.php?page=ai1wm_import] skip processing because of generic constant
[Sun, 21 Jun 2020 14:46:01 +0000] [/portfoliogithub/wp-content/cache/minify/209093964w3tc_rewrite_test.css] [http://localhost/portfoliogithub/wp-content/cache/minify/209093964w3tc_rewrite_test.css] start, can_cache: false, reject reason: User agent is rejected
[Sun, 21 Jun 2020 14:46:03 +0000] [/portfoliogithub/w3tc_rewrite_test888590881] [http://localhost/portfoliogithub/w3tc_rewrite_test888590881] start, can_cache: false, reject reason: User agent is rejected
[Sun, 21 Jun 2020 14:46:05 +0000] [/portfoliogithub/wp-admin/admin-ajax.php] [http://localhost/portfoliogithub/wp-admin/plugins.php] skip processing because of AJAX constant
[Sun, 21 Jun 2020 14:46:08 +0000] [/portfoliogithub/wp-admin/admin-ajax.php?action=as_async_request_queue_runner&nonce=eb8b49c2fb] [http://localhost/portfoliogithub/wp-admin/admin-ajax.php?action=as_async_request_queue_runner&nonce=eb8b49c2fb] skip processing because of AJAX constant
[Sun, 21 Jun 2020 14:46:08 +0000] [/portfoliogithub/wp-admin/admin-ajax.php?action=as_async_request_queue_runner&nonce=eb8b49c2fb] [http://localhost/portfoliogithub/wp-admin/admin-ajax.php?action=as_async_request_queue_runner&nonce=eb8b49c2fb] skip processing because of AJAX constant
[Sun, 21 Jun 2020 14:46:22 +0000] [/portfoliogithub/wp-admin/plugins.php?action=deactivate&plugin=all-in-one-seo-pack%2Fall_in_one_seo_pack.php&plugin_status=all&paged=1&s&_wpnonce=10155ecc7e] [http://localhost/portfoliogithub/wp-admin/plugins.php] skip processing because of generic constant
[Sun, 21 Jun 2020 14:46:25 +0000] [/portfoliogithub/wp-admin/plugins.php?deactivate=true&plugin_status=all&paged=1&s=] [http://localhost/portfoliogithub/wp-admin/plugins.php] skip processing because of generic constant
[Sun, 21 Jun 2020 14:46:27 +0000] [/portfoliogithub/wp-cron.php?doing_wp_cron=1592750787.0752460956573486328125] [http://localhost/portfoliogithub/wp-cron.php?doing_wp_cron=1592750787.0752460956573486328125] skip processing because of generic constant
[Sun, 21 Jun 2020 14:46:28 +0000] [/portfoliogithub/wp-content/cache/minify/1871819064w3tc_rewrite_test.css] [http://localhost/portfoliogithub/wp-content/cache/minify/1871819064w3tc_rewrite_test.css] start, can_cache: false, reject reason: User agent is rejected
[Sun, 21 Jun 2020 14:46:30 +0000] [/portfoliogithub/wp-cron.php?doing_wp_cron=1592750790.4801919460296630859375] [http://localhost/portfoliogithub/wp-cron.php?doing_wp_cron=1592750790.4801919460296630859375] skip processing because of generic constant
[Sun, 21 Jun 2020 14:46:31 +0000] [/portfoliogithub/w3tc_rewrite_test1691788453] [http://localhost/portfoliogithub/w3tc_rewrite_test1691788453] start, can_cache: false, reject reason: User agent is rejected
[Sun, 21 Jun 2020 14:46:44 +0000] [/portfoliogithub/wp-admin/plugins.php?action=deactivate&plugin=head-meta-data%2Fhead-meta-data.php&plugin_status=all&paged=1&s&_wpnonce=a87e367b50] [http://localhost/portfoliogithub/wp-admin/plugins.php?plugin_status=all&paged=1&s] skip processing because of generic constant
[Sun, 21 Jun 2020 14:46:46 +0000] [/portfoliogithub/wp-admin/plugins.php?deactivate=true&plugin_status=all&paged=1&s=] [http://localhost/portfoliogithub/wp-admin/plugins.php?plugin_status=all&paged=1&s] skip processing because of generic constant
[Sun, 21 Jun 2020 14:46:48 +0000] [/portfoliogithub/wp-content/cache/minify/2086552315w3tc_rewrite_test.css] [http://localhost/portfoliogithub/wp-content/cache/minify/2086552315w3tc_rewrite_test.css] start, can_cache: false, reject reason: User agent is rejected
[Sun, 21 Jun 2020 14:46:50 +0000] [/portfoliogithub/w3tc_rewrite_test1961368493] [http://localhost/portfoliogithub/w3tc_rewrite_test1961368493] start, can_cache: false, reject reason: User agent is rejected
[Sun, 21 Jun 2020 14:47:01 +0000] [/portfoliogithub/wp-admin/plugins.php?action=deactivate&plugin=mousewheel-smooth-scroll%2Fmousewheel-smooth-scroll.php&plugin_status=all&paged=1&s&_wpnonce=00dd49b47a] [http://localhost/portfoliogithub/wp-admin/plugins.php?plugin_status=all&paged=1&s] skip processing because of generic constant
[Sun, 21 Jun 2020 14:47:03 +0000] [/portfoliogithub/wp-admin/plugins.php?deactivate=true&plugin_status=all&paged=1&s=] [http://localhost/portfoliogithub/wp-admin/plugins.php?plugin_status=all&paged=1&s] skip processing because of generic constant
[Sun, 21 Jun 2020 14:47:06 +0000] [/portfoliogithub/wp-content/cache/minify/1379552065w3tc_rewrite_test.css] [http://localhost/portfoliogithub/wp-content/cache/minify/1379552065w3tc_rewrite_test.css] start, can_cache: false, reject reason: User agent is rejected
[Sun, 21 Jun 2020 14:47:08 +0000] [/portfoliogithub/w3tc_rewrite_test23336338] [http://localhost/portfoliogithub/w3tc_rewrite_test23336338] start, can_cache: false, reject reason: User agent is rejected
[Sun, 21 Jun 2020 14:47:12 +0000] [/portfoliogithub/wp-admin/admin-ajax.php?action=as_async_request_queue_runner&nonce=eb8b49c2fb] [http://localhost/portfoliogithub/wp-admin/admin-ajax.php?action=as_async_request_queue_runner&nonce=eb8b49c2fb] skip processing because of AJAX constant
[Sun, 21 Jun 2020 14:47:18 +0000] [/portfoliogithub/wp-admin/plugins.php?action=deactivate&plugin=w3-total-cache%2Fw3-total-cache.php&plugin_status=all&paged=1&s&_wpnonce=753e43f4e7] [http://localhost/portfoliogithub/wp-admin/plugins.php?plugin_status=all&paged=1&s] skip processing because of generic constant
[Sun, 21 Jun 2020 14:48:40 +0000] [/portfoliogithub/w3tc_rewrite_test1869453431] [http://localhost/portfoliogithub/w3tc_rewrite_test1869453431] start, can_cache: false, reject reason: User agent is rejected
[Sun, 21 Jun 2020 14:48:52 +0000] [/portfoliogithub/wp-admin/admin.php?page=w3tc_dashboard&w3tc_flush_all&_wpnonce=6b8c1e09c4] [http://localhost/portfoliogithub/wp-admin/plugins.php?plugin_status=all&paged=1&s] skip processing because of generic constant
[Sun, 21 Jun 2020 14:48:56 +0000] [/portfoliogithub/wp-admin/admin.php?page=w3tc_dashboard&w3tc_flush_all&_wpnonce=6b8c1e09c4] [http://localhost/portfoliogithub/wp-admin/plugins.php?plugin_status=all&paged=1&s] flush all
[Sun, 21 Jun 2020 14:48:56 +0000] [/portfoliogithub/wp-admin/plugins.php?plugin_status=all&paged=1&s=&w3tc_note=flush_all] [http://localhost/portfoliogithub/wp-admin/plugins.php?plugin_status=all&paged=1&s] skip processing because of generic constant
[Sun, 21 Jun 2020 14:48:58 +0000] [/portfoliogithub/wp-content/cache/minify/1527574559w3tc_rewrite_test.css] [http://localhost/portfoliogithub/wp-content/cache/minify/1527574559w3tc_rewrite_test.css] start, can_cache: false, reject reason: User agent is rejected
[Sun, 21 Jun 2020 14:49:00 +0000] [/portfoliogithub/w3tc_rewrite_test1253853321] [http://localhost/portfoliogithub/w3tc_rewrite_test1253853321] start, can_cache: false, reject reason: User agent is rejected
[Sun, 21 Jun 2020 14:49:12 +0000] [/portfoliogithub/wp-admin/admin.php?page=w3tc_dashboard&w3tc_flush_pgcache&_wpnonce=6b8c1e09c4] [http://localhost/portfoliogithub/wp-admin/plugins.php?plugin_status=all&paged=1&s&w3tc_note=flush_all] skip processing because of generic constant
[Sun, 21 Jun 2020 14:49:14 +0000] [/portfoliogithub/wp-admin/admin.php?page=w3tc_dashboard&w3tc_flush_pgcache&_wpnonce=6b8c1e09c4] [http://localhost/portfoliogithub/wp-admin/plugins.php?plugin_status=all&paged=1&s&w3tc_note=flush_all] flush all
[Sun, 21 Jun 2020 14:49:14 +0000] [/portfoliogithub/wp-admin/plugins.php?plugin_status=all&paged=1&s=&w3tc_note=flush_pgcache] [http://localhost/portfoliogithub/wp-admin/plugins.php?plugin_status=all&paged=1&s&w3tc_note=flush_all] skip processing because of generic constant
[Sun, 21 Jun 2020 14:49:16 +0000] [/portfoliogithub/wp-content/cache/minify/558112800w3tc_rewrite_test.css] [http://localhost/portfoliogithub/wp-content/cache/minify/558112800w3tc_rewrite_test.css] start, can_cache: false, reject reason: User agent is rejected
[Sun, 21 Jun 2020 14:49:17 +0000] [/portfoliogithub/w3tc_rewrite_test1764394191] [http://localhost/portfoliogithub/w3tc_rewrite_test1764394191] start, can_cache: false, reject reason: User agent is rejected
[Sun, 21 Jun 2020 14:49:54 +0000] [/portfoliogithub/wp-admin/plugins.php?action=deactivate&plugin=wp-file-manager%2Ffile_folder_manager.php&plugin_status=all&paged=1&s&_wpnonce=fa9770f1a9] [http://localhost/portfoliogithub/wp-admin/plugins.php?plugin_status=all&paged=1&s&w3tc_note=flush_pgcache] skip processing because of generic constant
[Sun, 21 Jun 2020 14:49:56 +0000] [/portfoliogithub/wp-cron.php?doing_wp_cron=1592750996.0668530464172363281250] [http://localhost/portfoliogithub/wp-cron.php?doing_wp_cron=1592750996.0668530464172363281250] skip processing because of generic constant
[Sun, 21 Jun 2020 14:49:57 +0000] [/portfoliogithub/wp-admin/plugins.php?deactivate=true&plugin_status=all&paged=1&s=] [http://localhost/portfoliogithub/wp-admin/plugins.php?plugin_status=all&paged=1&s&w3tc_note=flush_pgcache] skip processing because of generic constant
[Sun, 21 Jun 2020 14:49:59 +0000] [/portfoliogithub/wp-content/cache/minify/260508236w3tc_rewrite_test.css] [http://localhost/portfoliogithub/wp-content/cache/minify/260508236w3tc_rewrite_test.css] start, can_cache: false, reject reason: User agent is rejected
[Sun, 21 Jun 2020 14:50:01 +0000] [/portfoliogithub/w3tc_rewrite_test61124632] [http://localhost/portfoliogithub/w3tc_rewrite_test61124632] start, can_cache: false, reject reason: User agent is rejected
[Sun, 21 Jun 2020 14:50:09 +0000] [/portfoliogithub/wp-admin/admin-ajax.php] [http://localhost/portfoliogithub/wp-admin/plugins.php?plugin_status=all&paged=1&s] skip processing because of AJAX constant
[Sun, 21 Jun 2020 14:50:11 +0000] [/portfoliogithub/wp-admin/admin-ajax.php?action=as_async_request_queue_runner&nonce=eb8b49c2fb] [http://localhost/portfoliogithub/wp-admin/admin-ajax.php?action=as_async_request_queue_runner&nonce=eb8b49c2fb] skip processing because of AJAX constant
[Sun, 21 Jun 2020 14:50:29 +0000] [/portfoliogithub/wp-admin/admin.php?page=w3tc_dashboard&w3tc_flush_browser_cache&_wpnonce=6b8c1e09c4] [http://localhost/portfoliogithub/wp-admin/plugins.php?plugin_status=all&paged=1&s] skip processing because of generic constant
[Sun, 21 Jun 2020 14:50:30 +0000] [/portfoliogithub/wp-cron.php?doing_wp_cron=1592751030.8028309345245361328125] [http://localhost/portfoliogithub/wp-cron.php?doing_wp_cron=1592751030.8028309345245361328125] skip processing because of generic constant
[Sun, 21 Jun 2020 14:50:32 +0000] [/portfoliogithub/wp-admin/plugins.php?plugin_status=all&paged=1&s=&w3tc_note=flush_browser_cache] [http://localhost/portfoliogithub/wp-admin/plugins.php?plugin_status=all&paged=1&s] skip processing because of generic constant
[Sun, 21 Jun 2020 14:50:33 +0000] [/portfoliogithub/wp-content/cache/minify/1915870668w3tc_rewrite_test.css] [http://localhost/portfoliogithub/wp-content/cache/minify/1915870668w3tc_rewrite_test.css] start, can_cache: false, reject reason: User agent is rejected
[Sun, 21 Jun 2020 14:50:35 +0000] [/portfoliogithub/w3tc_rewrite_test1512336482] [http://localhost/portfoliogithub/w3tc_rewrite_test1512336482] start, can_cache: false, reject reason: User agent is rejected
[Sun, 21 Jun 2020 14:50:49 +0000] [/portfoliogithub/wp-admin/admin-ajax.php] [http://localhost/portfoliogithub/wp-admin/plugins.php?plugin_status=all&paged=1&s&w3tc_note=flush_browser_cache] skip processing because of AJAX constant
[Sun, 21 Jun 2020 14:50:53 +0000] [/portfoliogithub/wp-admin/plugins.php?plugin_status=all&paged=1&s&w3tc_note=flush_browser_cache] [http://localhost/portfoliogithub/wp-admin/plugins.php?plugin_status=all&paged=1&s] skip processing because of generic constant
[Sun, 21 Jun 2020 14:50:54 +0000] [/portfoliogithub/wp-content/cache/minify/2076466205w3tc_rewrite_test.css] [http://localhost/portfoliogithub/wp-content/cache/minify/2076466205w3tc_rewrite_test.css] start, can_cache: false, reject reason: User agent is rejected
[Sun, 21 Jun 2020 14:50:56 +0000] [/portfoliogithub/w3tc_rewrite_test652887576] [http://localhost/portfoliogithub/w3tc_rewrite_test652887576] start, can_cache: false, reject reason: User agent is rejected
[Sun, 21 Jun 2020 14:51:37 +0000] [/portfoliogithub/wp-admin/options-general.php] [http://localhost/portfoliogithub/wp-admin/plugins.php?plugin_status=all&paged=1&s&w3tc_note=flush_browser_cache] skip processing because of generic constant
[Sun, 21 Jun 2020 14:51:38 +0000] [/portfoliogithub/wp-admin/options-writing.php] [http://localhost/portfoliogithub/wp-admin/plugins.php?plugin_status=all&paged=1&s&w3tc_note=flush_browser_cache] skip processing because of generic constant
[Sun, 21 Jun 2020 14:51:39 +0000] [/portfoliogithub/wp-admin/options-reading.php] [http://localhost/portfoliogithub/wp-admin/plugins.php?plugin_status=all&paged=1&s&w3tc_note=flush_browser_cache] skip processing because of generic constant
[Sun, 21 Jun 2020 14:51:39 +0000] [/portfoliogithub/wp-cron.php?doing_wp_cron=1592751099.8219420909881591796875] [http://localhost/portfoliogithub/wp-cron.php?doing_wp_cron=1592751099.8219420909881591796875] skip processing because of generic constant
[Sun, 21 Jun 2020 14:51:41 +0000] [/portfoliogithub/wp-admin/admin-ajax.php?action=as_async_request_queue_runner&nonce=eb8b49c2fb] [http://localhost/portfoliogithub/wp-admin/admin-ajax.php?action=as_async_request_queue_runner&nonce=eb8b49c2fb] skip processing because of AJAX constant
[Sun, 21 Jun 2020 14:51:41 +0000] [/portfoliogithub/wp-admin/options-discussion.php] [http://localhost/portfoliogithub/wp-admin/plugins.php?plugin_status=all&paged=1&s&w3tc_note=flush_browser_cache] skip processing because of generic constant
[Sun, 21 Jun 2020 14:51:42 +0000] [/portfoliogithub/wp-admin/options-media.php] [http://localhost/portfoliogithub/wp-admin/plugins.php?plugin_status=all&paged=1&s&w3tc_note=flush_browser_cache] skip processing because of generic constant
[Sun, 21 Jun 2020 14:51:42 +0000] [/portfoliogithub/wp-admin/admin-ajax.php?action=as_async_request_queue_runner&nonce=eb8b49c2fb] [http://localhost/portfoliogithub/wp-admin/admin-ajax.php?action=as_async_request_queue_runner&nonce=eb8b49c2fb] skip processing because of AJAX constant
[Sun, 21 Jun 2020 14:51:43 +0000] [/portfoliogithub/wp-admin/admin-ajax.php?action=as_async_request_queue_runner&nonce=eb8b49c2fb] [http://localhost/portfoliogithub/wp-admin/admin-ajax.php?action=as_async_request_queue_runner&nonce=eb8b49c2fb] skip processing because of AJAX constant
[Sun, 21 Jun 2020 14:51:45 +0000] [/portfoliogithub/wp-admin/options-permalink.php] [http://localhost/portfoliogithub/wp-admin/plugins.php?plugin_status=all&paged=1&s&w3tc_note=flush_browser_cache] skip processing because of generic constant
[Sun, 21 Jun 2020 14:51:45 +0000] [/portfoliogithub/wp-cron.php?doing_wp_cron=1592751104.8705139160156250000000] [http://localhost/portfoliogithub/wp-cron.php?doing_wp_cron=1592751104.8705139160156250000000] skip processing because of generic constant
[Sun, 21 Jun 2020 14:51:52 +0000] [/portfoliogithub/wp-admin/options.php] [http://localhost/portfoliogithub/wp-admin/options-general.php] skip processing because of generic constant
[Sun, 21 Jun 2020 14:51:52 +0000] [/portfoliogithub/wp-admin/admin-ajax.php?action=as_async_request_queue_runner&nonce=eb8b49c2fb] [http://localhost/portfoliogithub/wp-admin/admin-ajax.php?action=as_async_request_queue_runner&nonce=eb8b49c2fb] skip processing because of AJAX constant
[Sun, 21 Jun 2020 14:51:52 +0000] [/portfoliogithub/wp-admin/admin-ajax.php?action=as_async_request_queue_runner&nonce=eb8b49c2fb] [http://localhost/portfoliogithub/wp-admin/admin-ajax.php?action=as_async_request_queue_runner&nonce=eb8b49c2fb] skip processing because of AJAX constant
[Sun, 21 Jun 2020 14:51:53 +0000] [/portfoliogithub/wp-admin/admin-ajax.php?action=as_async_request_queue_runner&nonce=eb8b49c2fb] [http://localhost/portfoliogithub/wp-admin/admin-ajax.php?action=as_async_request_queue_runner&nonce=eb8b49c2fb] skip processing because of AJAX constant
[Sun, 21 Jun 2020 14:51:54 +0000] [/portfoliogithub/wp-admin/options-general.php?settings-updated=true] [http://localhost/portfoliogithub/wp-admin/options-general.php] skip processing because of generic constant
[Sun, 21 Jun 2020 14:51:54 +0000] [/portfoliogithub/wp-admin/options.php] [http://localhost/portfoliogithub/wp-admin/options-writing.php] skip processing because of generic constant
[Sun, 21 Jun 2020 14:51:56 +0000] [/portfoliogithub/wp-admin/options-writing.php?settings-updated=true] [http://localhost/portfoliogithub/wp-admin/options-writing.php] skip processing because of generic constant
[Sun, 21 Jun 2020 14:51:57 +0000] [/portfoliogithub/wp-admin/options.php] [http://localhost/portfoliogithub/wp-admin/options-reading.php] skip processing because of generic constant
[Sun, 21 Jun 2020 14:51:59 +0000] [/portfoliogithub/wp-admin/admin-ajax.php?action=as_async_request_queue_runner&nonce=eb8b49c2fb] [http://localhost/portfoliogithub/wp-admin/admin-ajax.php?action=as_async_request_queue_runner&nonce=eb8b49c2fb] skip processing because of AJAX constant
[Sun, 21 Jun 2020 14:51:59 +0000] [/portfoliogithub/wp-admin/options-reading.php?settings-updated=true] [http://localhost/portfoliogithub/wp-admin/options-reading.php] skip processing because of generic constant
[Sun, 21 Jun 2020 14:52:00 +0000] [/portfoliogithub/wp-admin/options.php] [http://localhost/portfoliogithub/wp-admin/options-discussion.php] skip processing because of generic constant
[Sun, 21 Jun 2020 14:52:00 +0000] [/portfoliogithub/wp-admin/admin-ajax.php?action=as_async_request_queue_runner&nonce=eb8b49c2fb] [http://localhost/portfoliogithub/wp-admin/admin-ajax.php?action=as_async_request_queue_runner&nonce=eb8b49c2fb] skip processing because of AJAX constant
[Sun, 21 Jun 2020 14:52:01 +0000] [/portfoliogithub/wp-admin/admin-ajax.php?action=as_async_request_queue_runner&nonce=eb8b49c2fb] [http://localhost/portfoliogithub/wp-admin/admin-ajax.php?action=as_async_request_queue_runner&nonce=eb8b49c2fb] skip processing because of AJAX constant
[Sun, 21 Jun 2020 14:52:02 +0000] [/portfoliogithub/wp-admin/admin-ajax.php] [http://localhost/portfoliogithub/wp-admin/plugins.php?plugin_status=all&paged=1&s&w3tc_note=flush_browser_cache] skip processing because of AJAX constant
[Sun, 21 Jun 2020 14:52:03 +0000] [/portfoliogithub/wp-admin/options-discussion.php?settings-updated=true] [http://localhost/portfoliogithub/wp-admin/options-discussion.php] skip processing because of generic constant
[Sun, 21 Jun 2020 14:52:03 +0000] [/portfoliogithub/wp-admin/options.php] [http://localhost/portfoliogithub/wp-admin/options-media.php] skip processing because of generic constant
[Sun, 21 Jun 2020 14:52:05 +0000] [/portfoliogithub/wp-admin/options-media.php?settings-updated=true] [http://localhost/portfoliogithub/wp-admin/options-media.php] skip processing because of generic constant
[Sun, 21 Jun 2020 14:52:05 +0000] [/portfoliogithub/wp-admin/admin-ajax.php?action=as_async_request_queue_runner&nonce=eb8b49c2fb] [http://localhost/portfoliogithub/wp-admin/admin-ajax.php?action=as_async_request_queue_runner&nonce=eb8b49c2fb] skip processing because of AJAX constant
[Sun, 21 Jun 2020 14:52:07 +0000] [/portfoliogithub/wp-admin/admin-ajax.php?action=as_async_request_queue_runner&nonce=eb8b49c2fb] [http://localhost/portfoliogithub/wp-admin/admin-ajax.php?action=as_async_request_queue_runner&nonce=eb8b49c2fb] skip processing because of AJAX constant
[Sun, 21 Jun 2020 14:52:08 +0000] [/portfoliogithub/wp-admin/options-permalink.php] [http://localhost/portfoliogithub/wp-admin/options-permalink.php] skip processing because of generic constant
[Sun, 21 Jun 2020 14:52:10 +0000] [/portfoliogithub/wp-admin/options-permalink.php?settings-updated=true] [http://localhost/portfoliogithub/wp-admin/options-permalink.php] skip processing because of generic constant
[Sun, 21 Jun 2020 14:52:12 +0000] [/portfoliogithub/wp-admin/admin-ajax.php?action=as_async_request_queue_runner&nonce=eb8b49c2fb] [http://localhost/portfoliogithub/wp-admin/admin-ajax.php?action=as_async_request_queue_runner&nonce=eb8b49c2fb] skip processing because of AJAX constant
[Sun, 21 Jun 2020 14:52:14 +0000] [/portfoliogithub/wp-admin/admin-ajax.php?action=as_async_request_queue_runner&nonce=eb8b49c2fb] [http://localhost/portfoliogithub/wp-admin/admin-ajax.php?action=as_async_request_queue_runner&nonce=eb8b49c2fb] skip processing because of AJAX constant
[Sun, 21 Jun 2020 14:52:56 +0000] [/portfoliogithub/wp-admin/options-permalink.php] [http://localhost/portfoliogithub/wp-admin/options-permalink.php] skip processing because of generic constant
[Sun, 21 Jun 2020 14:52:57 +0000] [/portfoliogithub/wp-cron.php?doing_wp_cron=1592751177.4730188846588134765625] [http://localhost/portfoliogithub/wp-cron.php?doing_wp_cron=1592751177.4730188846588134765625] skip processing because of generic constant
[Sun, 21 Jun 2020 14:52:58 +0000] [/portfoliogithub/wp-admin/options-permalink.php?settings-updated=true] [http://localhost/portfoliogithub/wp-admin/options-permalink.php] skip processing because of generic constant
[Sun, 21 Jun 2020 14:53:05 +0000] [/portfoliogithub/wp-admin/admin-ajax.php] [http://localhost/portfoliogithub/wp-admin/options-general.php] skip processing because of AJAX constant
[Sun, 21 Jun 2020 14:53:13 +0000] [/portfoliogithub/wp-admin/options.php] [http://localhost/portfoliogithub/wp-admin/options-general.php] skip processing because of generic constant
[Sun, 21 Jun 2020 14:53:14 +0000] [/portfoliogithub/wp-admin/admin-ajax.php] [http://localhost/portfoliogithub/wp-admin/plugins.php?plugin_status=all&paged=1&s&w3tc_note=flush_browser_cache] skip processing because of AJAX constant
[Sun, 21 Jun 2020 14:53:15 +0000] [/portfoliogithub/wp-admin/admin-ajax.php?action=as_async_request_queue_runner&nonce=eb8b49c2fb] [http://localhost/portfoliogithub/wp-admin/admin-ajax.php?action=as_async_request_queue_runner&nonce=eb8b49c2fb] skip processing because of AJAX constant
[Sun, 21 Jun 2020 14:53:16 +0000] [/portfoliogithub/wp-admin/admin-ajax.php?action=as_async_request_queue_runner&nonce=eb8b49c2fb] [http://localhost/portfoliogithub/wp-admin/admin-ajax.php?action=as_async_request_queue_runner&nonce=eb8b49c2fb] skip processing because of AJAX constant
[Sun, 21 Jun 2020 14:53:16 +0000] [/portfoliogithub/wp-admin/options-general.php?settings-updated=true] [http://localhost/portfoliogithub/wp-admin/options-general.php] skip processing because of generic constant
[Sun, 21 Jun 2020 14:53:18 +0000] [/portfoliogithub/wp-admin/plugins.php?plugin_status=all&paged=1&s&w3tc_note=flush_browser_cache] [http://localhost/portfoliogithub/wp-admin/plugins.php?plugin_status=all&paged=1&s] skip processing because of generic constant
[Sun, 21 Jun 2020 14:53:20 +0000] [/portfoliogithub/wp-content/cache/minify/1544461278w3tc_rewrite_test.css] [http://localhost/portfoliogithub/wp-content/cache/minify/1544461278w3tc_rewrite_test.css] start, can_cache: false, reject reason: User agent is rejected
[Sun, 21 Jun 2020 14:53:22 +0000] [/portfoliogithub/w3tc_rewrite_test1024006686] [http://localhost/portfoliogithub/w3tc_rewrite_test1024006686] start, can_cache: false, reject reason: User agent is rejected
[Sun, 21 Jun 2020 14:53:23 +0000] [/portfoliogithub/wp-admin/admin-ajax.php?action=as_async_request_queue_runner&nonce=eb8b49c2fb] [http://localhost/portfoliogithub/wp-admin/admin-ajax.php?action=as_async_request_queue_runner&nonce=eb8b49c2fb] skip processing because of AJAX constant
[Sun, 21 Jun 2020 14:53:23 +0000] [/portfoliogithub/wp-admin/admin-ajax.php?action=as_async_request_queue_runner&nonce=eb8b49c2fb] [http://localhost/portfoliogithub/wp-admin/admin-ajax.php?action=as_async_request_queue_runner&nonce=eb8b49c2fb] skip processing because of AJAX constant
[Sun, 21 Jun 2020 14:53:29 +0000] [/portfoliogithub/wp-admin/admin-ajax.php?action=as_async_request_queue_runner&nonce=eb8b49c2fb] [http://localhost/portfoliogithub/wp-admin/admin-ajax.php?action=as_async_request_queue_runner&nonce=eb8b49c2fb] skip processing because of AJAX constant
[Sun, 21 Jun 2020 14:53:29 +0000] [/portfoliogithub/wp-admin/admin-ajax.php?action=as_async_request_queue_runner&nonce=eb8b49c2fb] [http://localhost/portfoliogithub/wp-admin/admin-ajax.php?action=as_async_request_queue_runner&nonce=eb8b49c2fb] skip processing because of AJAX constant
[Sun, 21 Jun 2020 14:53:31 +0000] [/portfoliogithub/wp-cron.php?doing_wp_cron=1592751211.7800068855285644531250] [http://localhost/portfoliogithub/wp-cron.php?doing_wp_cron=1592751211.7800068855285644531250] skip processing because of generic constant
[Sun, 21 Jun 2020 14:53:36 +0000] [/portfoliogithub/wp-admin/admin-ajax.php] [http://localhost/portfoliogithub/wp-admin/plugins.php?plugin_status=all&paged=1&s&w3tc_note=flush_browser_cache] skip processing because of AJAX constant
[Sun, 21 Jun 2020 14:53:52 +0000] [/portfoliogithub/wp-admin/plugins.php?action=deactivate&plugin=w3-total-cache%2Fw3-total-cache.php&plugin_status=all&paged=1&s&_wpnonce=753e43f4e7] [http://localhost/portfoliogithub/wp-admin/plugins.php?plugin_status=all&paged=1&s&w3tc_note=flush_browser_cache] skip processing because of generic constant
